<?xml version="1.0" encoding="UTF-8"?>
<testng-results total="1" passed="1" failed="0" skipped="0">
  <reporter-output>
  </reporter-output>
  <suite started-at="2020-12-08T19:35:54Z" name="Default suite" finished-at="2020-12-08T19:36:11Z" duration-ms="17562">
    <groups>
    </groups>
    <test started-at="2020-12-08T19:35:54Z" name="Default test" finished-at="2020-12-08T19:36:11Z" duration-ms="17562">
      <class name="test_cases.FileUploadDemo2">
        <test-method is-config="true" signature="setup()[pri:0, instance:test_cases.FileUploadDemo2@52b1beb6]" started-at="2020-12-08T20:35:54Z" name="setup" finished-at="2020-12-08T20:36:07Z" duration-ms="12867" status="PASS">
          <reporter-output>
          </reporter-output>
        </test-method> <!-- setup -->
        <test-method signature="robotTest()[pri:0, instance:test_cases.FileUploadDemo2@52b1beb6]" started-at="2020-12-08T20:36:07Z" name="robotTest" finished-at="2020-12-08T20:36:11Z" duration-ms="4017" status="PASS">
          <reporter-output>
          </reporter-output>
        </test-method> <!-- robotTest -->
        <test-method is-config="true" signature="tearDown()[pri:0, instance:test_cases.FileUploadDemo2@52b1beb6]" started-at="2020-12-08T20:36:11Z" name="tearDown" finished-at="2020-12-08T20:36:11Z" duration-ms="665" status="PASS">
          <reporter-output>
          </reporter-output>
        </test-method> <!-- tearDown -->
      </class> <!-- test_cases.FileUploadDemo2 -->
    </test> <!-- Default test -->
  </suite> <!-- Default suite -->
</testng-results>
